  [1m[35m (1.3ms)[0m  [1m[34mSELECT sqlite_version(*)[0m
  [1m[35m (137.6ms)[0m  [1m[35mCREATE TABLE "schema_migrations" ("version" varchar NOT NULL PRIMARY KEY)[0m
  [1m[35m (73.0ms)[0m  [1m[35mCREATE TABLE "ar_internal_metadata" ("key" varchar NOT NULL PRIMARY KEY, "value" varchar, "created_at" datetime(6) NOT NULL, "updated_at" datetime(6) NOT NULL)[0m
  [1m[35m (0.3ms)[0m  [1m[34mSELECT "schema_migrations"."version" FROM "schema_migrations" ORDER BY "schema_migrations"."version" ASC[0m
Migrating to CreateArticles (20190913081940)
  [1m[35m (0.2ms)[0m  [1m[36mbegin transaction[0m
  [1m[35m (0.6ms)[0m  [1m[35mCREATE TABLE "articles" ("id" integer PRIMARY KEY AUTOINCREMENT NOT NULL, "title" varchar)[0m
  [1m[36mprimary::SchemaMigration Create (0.3ms)[0m  [1m[32mINSERT INTO "schema_migrations" ("version") VALUES (?)[0m  [["version", "20190913081940"]]
  [1m[35m (124.5ms)[0m  [1m[36mcommit transaction[0m
Migrating to AddDescriptionToArticles (20190913082535)
  [1m[35m (0.1ms)[0m  [1m[36mbegin transaction[0m
  [1m[35m (0.4ms)[0m  [1m[35mALTER TABLE "articles" ADD "description" text[0m
  [1m[35m (0.3ms)[0m  [1m[35mALTER TABLE "articles" ADD "created_at" datetime[0m
  [1m[35m (0.3ms)[0m  [1m[35mALTER TABLE "articles" ADD "updated_at" datetime[0m
  [1m[36mprimary::SchemaMigration Create (0.3ms)[0m  [1m[32mINSERT INTO "schema_migrations" ("version") VALUES (?)[0m  [["version", "20190913082535"]]
  [1m[35m (53.5ms)[0m  [1m[36mcommit transaction[0m
Migrating to CreateUsers (20190917075231)
  [1m[35m (0.1ms)[0m  [1m[36mbegin transaction[0m
  [1m[35m (0.6ms)[0m  [1m[35mCREATE TABLE "users" ("id" integer PRIMARY KEY AUTOINCREMENT NOT NULL, "username" varchar, "email" varchar, "created_at" datetime(6) NOT NULL, "updated_at" datetime(6) NOT NULL)[0m
  [1m[36mprimary::SchemaMigration Create (0.3ms)[0m  [1m[32mINSERT INTO "schema_migrations" ("version") VALUES (?)[0m  [["version", "20190917075231"]]
  [1m[35m (100.9ms)[0m  [1m[36mcommit transaction[0m
Migrating to AddUserIdToArticles (20190917090814)
  [1m[35m (0.1ms)[0m  [1m[36mbegin transaction[0m
  [1m[35m (0.5ms)[0m  [1m[35mALTER TABLE "articles" ADD "user_id" integer[0m
  [1m[36mprimary::SchemaMigration Create (0.3ms)[0m  [1m[32mINSERT INTO "schema_migrations" ("version") VALUES (?)[0m  [["version", "20190917090814"]]
  [1m[35m (76.6ms)[0m  [1m[36mcommit transaction[0m
Migrating to AddPasswordDigestToUsers (20190918053331)
  [1m[35m (0.1ms)[0m  [1m[36mbegin transaction[0m
  [1m[35m (0.6ms)[0m  [1m[35mALTER TABLE "users" ADD "password_digest" varchar[0m
  [1m[36mprimary::SchemaMigration Create (0.3ms)[0m  [1m[32mINSERT INTO "schema_migrations" ("version") VALUES (?)[0m  [["version", "20190918053331"]]
  [1m[35m (67.0ms)[0m  [1m[36mcommit transaction[0m
Migrating to AddAdminToUsers (20190919045927)
  [1m[35m (0.1ms)[0m  [1m[36mbegin transaction[0m
  [1m[35m (0.5ms)[0m  [1m[35mALTER TABLE "users" ADD "admin" boolean DEFAULT 0[0m
  [1m[36mprimary::SchemaMigration Create (0.2ms)[0m  [1m[32mINSERT INTO "schema_migrations" ("version") VALUES (?)[0m  [["version", "20190919045927"]]
  [1m[35m (76.0ms)[0m  [1m[36mcommit transaction[0m
Migrating to CreateCategories (20190919064233)
  [1m[35m (0.1ms)[0m  [1m[36mbegin transaction[0m
  [1m[35m (0.4ms)[0m  [1m[35mCREATE TABLE "categories" ("id" integer PRIMARY KEY AUTOINCREMENT NOT NULL, "name" varchar, "created_at" datetime(6) NOT NULL, "updated_at" datetime(6) NOT NULL)[0m
  [1m[36mprimary::SchemaMigration Create (0.3ms)[0m  [1m[32mINSERT INTO "schema_migrations" ("version") VALUES (?)[0m  [["version", "20190919064233"]]
  [1m[35m (76.2ms)[0m  [1m[36mcommit transaction[0m
Migrating to CreateArticleCategories (20190923053615)
  [1m[35m (0.1ms)[0m  [1m[36mbegin transaction[0m
  [1m[35m (0.3ms)[0m  [1m[35mCREATE TABLE "article_categories" ("id" integer PRIMARY KEY AUTOINCREMENT NOT NULL, "article_id" integer, "category_id" integer)[0m
  [1m[36mprimary::SchemaMigration Create (0.2ms)[0m  [1m[32mINSERT INTO "schema_migrations" ("version") VALUES (?)[0m  [["version", "20190923053615"]]
  [1m[35m (93.3ms)[0m  [1m[36mcommit transaction[0m
  [1m[36mActiveRecord::InternalMetadata Load (0.3ms)[0m  [1m[34mSELECT "ar_internal_metadata".* FROM "ar_internal_metadata" WHERE "ar_internal_metadata"."key" = ? LIMIT ?[0m  [["key", "environment"], ["LIMIT", 1]]
  [1m[35m (0.1ms)[0m  [1m[36mbegin transaction[0m
  [1m[36mActiveRecord::InternalMetadata Create (0.3ms)[0m  [1m[32mINSERT INTO "ar_internal_metadata" ("key", "value", "created_at", "updated_at") VALUES (?, ?, ?, ?)[0m  [["key", "environment"], ["value", "development"], ["created_at", "2019-10-20 17:23:18.209892"], ["updated_at", "2019-10-20 17:23:18.209892"]]
  [1m[35m (82.3ms)[0m  [1m[36mcommit transaction[0m
  [1m[35m (0.1ms)[0m  [1m[34mSELECT sqlite_version(*)[0m
  [1m[35m (0.2ms)[0m  [1m[34mSELECT "schema_migrations"."version" FROM "schema_migrations" ORDER BY "schema_migrations"."version" ASC[0m
  [1m[35m (0.7ms)[0m  [1m[34mSELECT sqlite_version(*)[0m
  [1m[36mArticle Load (0.3ms)[0m  [1m[34mSELECT "articles".* FROM "articles" ORDER BY "articles"."id" ASC LIMIT ?[0m  [["LIMIT", 1]]
  [1m[36mUser Load (7.4ms)[0m  [1m[34mSELECT "users".* FROM "users" ORDER BY "users"."id" ASC LIMIT ?[0m  [["LIMIT", 1]]
  [1m[36mCategory Load (17.3ms)[0m  [1m[34mSELECT "categories".* FROM "categories" ORDER BY "categories"."id" ASC LIMIT ?[0m  [["LIMIT", 1]]
Started GET "/" for 127.0.0.1 at 2019-10-21 01:24:46 +0800
  [1m[35m (1.1ms)[0m  [1m[34mSELECT sqlite_version(*)[0m
  [1m[35m (9.7ms)[0m  [1m[34mSELECT "schema_migrations"."version" FROM "schema_migrations" ORDER BY "schema_migrations"."version" ASC[0m
Processing by PagesController#home as HTML
  Rendering pages/home.html.erb within layouts/application
  Rendered pages/home.html.erb within layouts/application (Duration: 9.5ms | Allocations: 484)
[Webpacker] Compiling…
[Webpacker] Compiled all packs in /home/kocis777/Documents/rails_projects/alpha_blog/public/packs
  [1m[36mCategory Load (0.3ms)[0m  [1m[34mSELECT "categories".* FROM "categories"[0m
  ↳ app/views/layouts/_navigation.html.erb:37
  Rendered layouts/_navigation.html.erb (Duration: 41.7ms | Allocations: 5710)
  Rendered layouts/_messages.html.erb (Duration: 1.0ms | Allocations: 204)
  Rendered layouts/_footer.html.erb (Duration: 1.0ms | Allocations: 145)
Completed 200 OK in 14342ms (Views: 14320.3ms | ActiveRecord: 0.7ms | Allocations: 3429107)


Started GET "/" for 127.0.0.1 at 2019-10-21 01:25:06 +0800
Processing by PagesController#home as HTML
  Rendering pages/home.html.erb within layouts/application
  Rendered pages/home.html.erb within layouts/application (Duration: 0.3ms | Allocations: 57)
  [1m[36mCategory Load (0.2ms)[0m  [1m[34mSELECT "categories".* FROM "categories"[0m
  ↳ app/views/layouts/_navigation.html.erb:37
  Rendered layouts/_navigation.html.erb (Duration: 2.6ms | Allocations: 741)
  Rendered layouts/_messages.html.erb (Duration: 0.1ms | Allocations: 17)
  Rendered layouts/_footer.html.erb (Duration: 0.1ms | Allocations: 26)
Completed 200 OK in 33ms (Views: 31.8ms | ActiveRecord: 0.2ms | Allocations: 13697)


Started GET "/login" for 127.0.0.1 at 2019-10-21 01:25:07 +0800
Processing by SessionsController#new as HTML
  Rendering sessions/new.html.erb within layouts/application
  Rendered sessions/new.html.erb within layouts/application (Duration: 243.7ms | Allocations: 5165)
  [1m[36mCategory Load (0.2ms)[0m  [1m[34mSELECT "categories".* FROM "categories"[0m
  ↳ app/views/layouts/_navigation.html.erb:37
  Rendered layouts/_navigation.html.erb (Duration: 2.2ms | Allocations: 740)
  Rendered layouts/_messages.html.erb (Duration: 0.1ms | Allocations: 17)
  Rendered layouts/_footer.html.erb (Duration: 0.1ms | Allocations: 27)
Completed 200 OK in 273ms (Views: 271.8ms | ActiveRecord: 0.2ms | Allocations: 19369)


Started GET "/login" for 127.0.0.1 at 2019-10-21 01:25:08 +0800
Processing by SessionsController#new as HTML
  Rendering sessions/new.html.erb within layouts/application
  Rendered sessions/new.html.erb within layouts/application (Duration: 1.3ms | Allocations: 453)
  [1m[36mCategory Load (0.2ms)[0m  [1m[34mSELECT "categories".* FROM "categories"[0m
  ↳ app/views/layouts/_navigation.html.erb:37
  Rendered layouts/_navigation.html.erb (Duration: 2.3ms | Allocations: 723)
  Rendered layouts/_messages.html.erb (Duration: 0.1ms | Allocations: 17)
  Rendered layouts/_footer.html.erb (Duration: 0.1ms | Allocations: 26)
Completed 200 OK in 36ms (Views: 34.4ms | ActiveRecord: 0.2ms | Allocations: 14086)


Started GET "/signup" for 127.0.0.1 at 2019-10-21 01:25:09 +0800
Processing by UsersController#new as HTML
  Rendering users/new.html.erb within layouts/application
  Rendered shared/_errors.html.erb (Duration: 0.5ms | Allocations: 220)
  Rendered users/_form.html.erb (Duration: 13.0ms | Allocations: 1818)
  Rendered users/new.html.erb within layouts/application (Duration: 45.3ms | Allocations: 2116)
  [1m[36mCategory Load (0.2ms)[0m  [1m[34mSELECT "categories".* FROM "categories"[0m
  ↳ app/views/layouts/_navigation.html.erb:37
  Rendered layouts/_navigation.html.erb (Duration: 2.3ms | Allocations: 727)
  Rendered layouts/_messages.html.erb (Duration: 0.1ms | Allocations: 17)
  Rendered layouts/_footer.html.erb (Duration: 0.2ms | Allocations: 27)
Completed 200 OK in 89ms (Views: 72.4ms | ActiveRecord: 1.3ms | Allocations: 22232)


Started GET "/signup" for 127.0.0.1 at 2019-10-21 01:25:10 +0800
Processing by UsersController#new as HTML
  Rendering users/new.html.erb within layouts/application
  Rendered shared/_errors.html.erb (Duration: 0.1ms | Allocations: 15)
  Rendered users/_form.html.erb (Duration: 3.0ms | Allocations: 910)
  Rendered users/new.html.erb within layouts/application (Duration: 3.3ms | Allocations: 973)
  [1m[36mCategory Load (0.1ms)[0m  [1m[34mSELECT "categories".* FROM "categories"[0m
  ↳ app/views/layouts/_navigation.html.erb:37
  Rendered layouts/_navigation.html.erb (Duration: 1.5ms | Allocations: 722)
  Rendered layouts/_messages.html.erb (Duration: 0.1ms | Allocations: 17)
  Rendered layouts/_footer.html.erb (Duration: 0.1ms | Allocations: 26)
Completed 200 OK in 32ms (Views: 30.4ms | ActiveRecord: 0.1ms | Allocations: 14628)


Started POST "/users" for 127.0.0.1 at 2019-10-21 01:25:29 +0800
Processing by UsersController#create as HTML
  Parameters: {"authenticity_token"=>"6dv2tN+rKFnKWalFjyyAMc94iBPe1Ju8SbR6I+BgkkP7rO9+AN2iSW6hKy2UsV/3/XunnN9+H7X+/yj1L9tVGw==", "user"=>{"username"=>"Admin", "email"=>"admin@example.com", "password"=>"[FILTERED]"}, "commit"=>"Sign up"}
  [1m[35m (0.1ms)[0m  [1m[36mbegin transaction[0m
  ↳ app/controllers/users_controller.rb:16:in `create'
  [1m[36mUser Exists? (0.3ms)[0m  [1m[34mSELECT 1 AS one FROM "users" WHERE LOWER("users"."username") = LOWER(?) LIMIT ?[0m  [["username", "Admin"], ["LIMIT", 1]]
  ↳ app/controllers/users_controller.rb:16:in `create'
  [1m[36mUser Exists? (0.2ms)[0m  [1m[34mSELECT 1 AS one FROM "users" WHERE LOWER("users"."email") = LOWER(?) LIMIT ?[0m  [["email", "admin@example.com"], ["LIMIT", 1]]
  ↳ app/controllers/users_controller.rb:16:in `create'
  [1m[36mUser Create (8.8ms)[0m  [1m[32mINSERT INTO "users" ("username", "email", "created_at", "updated_at", "password_digest") VALUES (?, ?, ?, ?, ?)[0m  [["username", "Admin"], ["email", "admin@example.com"], ["created_at", "2019-10-20 17:25:29.722790"], ["updated_at", "2019-10-20 17:25:29.722790"], ["password_digest", "$2a$12$m5oXzNVd6sqx0qhhQNS6lOEPDtdLQCTrow7kPnr.9.XENtugUP/CG"]]
  ↳ app/controllers/users_controller.rb:16:in `create'
  [1m[35m (86.1ms)[0m  [1m[36mcommit transaction[0m
  ↳ app/controllers/users_controller.rb:16:in `create'
Redirected to http://localhost:3000/users/1
Completed 302 Found in 485ms (ActiveRecord: 95.5ms | Allocations: 6372)


Started GET "/users/1" for 127.0.0.1 at 2019-10-21 01:25:29 +0800
Processing by UsersController#show as HTML
  Parameters: {"id"=>"1"}
  [1m[36mUser Load (0.3ms)[0m  [1m[34mSELECT "users".* FROM "users" WHERE "users"."id" = ? LIMIT ?[0m  [["id", 1], ["LIMIT", 1]]
  ↳ app/controllers/users_controller.rb:54:in `set_user'
  Rendering users/show.html.erb within layouts/application
  [1m[35m (14.4ms)[0m  [1m[34mSELECT COUNT(*) FROM "articles" WHERE "articles"."user_id" = ?[0m  [["user_id", 1]]
  ↳ app/views/users/show.html.erb:10
  [1m[36mArticle Load (0.3ms)[0m  [1m[34mSELECT "articles".* FROM "articles" WHERE "articles"."user_id" = ? LIMIT ? OFFSET ?[0m  [["user_id", 1], ["LIMIT", 5], ["OFFSET", 0]]
  ↳ app/views/articles/_article.html.erb:1
  Rendered articles/_article.html.erb (Duration: 3.5ms | Allocations: 1012)
  Rendered users/show.html.erb within layouts/application (Duration: 32.7ms | Allocations: 2182)
  [1m[36mUser Load (0.2ms)[0m  [1m[34mSELECT "users".* FROM "users" WHERE "users"."id" = ? LIMIT ?[0m  [["id", 1], ["LIMIT", 1]]
  ↳ app/controllers/application_controller.rb:8:in `current_user'
  [1m[36mCategory Load (0.1ms)[0m  [1m[34mSELECT "categories".* FROM "categories"[0m
  ↳ app/views/layouts/_navigation.html.erb:37
  Rendered layouts/_navigation.html.erb (Duration: 4.6ms | Allocations: 1387)
  Rendered layouts/_messages.html.erb (Duration: 0.2ms | Allocations: 34)
  Rendered layouts/_footer.html.erb (Duration: 0.1ms | Allocations: 27)
Completed 200 OK in 106ms (Views: 44.7ms | ActiveRecord: 17.6ms | Allocations: 24346)


  [1m[35m (0.5ms)[0m  [1m[34mSELECT sqlite_version(*)[0m
  [1m[36mUser Load (0.3ms)[0m  [1m[34mSELECT "users".* FROM "users" ORDER BY "users"."id" ASC LIMIT ?[0m  [["LIMIT", 1]]
  [1m[36mUser Load (0.2ms)[0m  [1m[34mSELECT "users".* FROM "users" ORDER BY "users"."id" ASC LIMIT ?[0m  [["LIMIT", 1]]
  [1m[35m (0.1ms)[0m  [1m[36mbegin transaction[0m
  [1m[36mUser Update (1.0ms)[0m  [1m[33mUPDATE "users" SET "updated_at" = ?, "admin" = ? WHERE "users"."id" = ?[0m  [["updated_at", "2019-10-20 17:26:23.788340"], ["admin", 1], ["id", 1]]
  [1m[35m (53.9ms)[0m  [1m[36mcommit transaction[0m
  [1m[35m (0.2ms)[0m  [1m[36mbegin transaction[0m
  [1m[36mUser Exists? (0.6ms)[0m  [1m[34mSELECT 1 AS one FROM "users" WHERE LOWER("users"."username") = LOWER(?) AND "users"."id" != ? LIMIT ?[0m  [["username", "Admin"], ["id", 1], ["LIMIT", 1]]
  [1m[36mUser Exists? (0.2ms)[0m  [1m[34mSELECT 1 AS one FROM "users" WHERE LOWER("users"."email") = LOWER(?) AND "users"."id" != ? LIMIT ?[0m  [["email", "admin@example.com"], ["id", 1], ["LIMIT", 1]]
  [1m[35m (0.1ms)[0m  [1m[36mcommit transaction[0m
Started GET "/users/1" for 127.0.0.1 at 2019-10-21 01:26:34 +0800
Processing by UsersController#show as HTML
  Parameters: {"id"=>"1"}
  [1m[36mUser Load (0.2ms)[0m  [1m[34mSELECT "users".* FROM "users" WHERE "users"."id" = ? LIMIT ?[0m  [["id", 1], ["LIMIT", 1]]
  ↳ app/controllers/users_controller.rb:54:in `set_user'
  Rendering users/show.html.erb within layouts/application
  [1m[35m (0.2ms)[0m  [1m[34mSELECT COUNT(*) FROM "articles" WHERE "articles"."user_id" = ?[0m  [["user_id", 1]]
  ↳ app/views/users/show.html.erb:10
  [1m[36mArticle Load (0.1ms)[0m  [1m[34mSELECT "articles".* FROM "articles" WHERE "articles"."user_id" = ? LIMIT ? OFFSET ?[0m  [["user_id", 1], ["LIMIT", 5], ["OFFSET", 0]]
  ↳ app/views/articles/_article.html.erb:1
  Rendered articles/_article.html.erb (Duration: 2.0ms | Allocations: 629)
  Rendered users/show.html.erb within layouts/application (Duration: 4.6ms | Allocations: 1421)
  [1m[36mUser Load (0.1ms)[0m  [1m[34mSELECT "users".* FROM "users" WHERE "users"."id" = ? LIMIT ?[0m  [["id", 1], ["LIMIT", 1]]
  ↳ app/controllers/application_controller.rb:8:in `current_user'
  [1m[36mCategory Load (0.2ms)[0m  [1m[34mSELECT "categories".* FROM "categories"[0m
  ↳ app/views/layouts/_navigation.html.erb:37
  Rendered layouts/_navigation.html.erb (Duration: 4.0ms | Allocations: 1391)
  Rendered layouts/_messages.html.erb (Duration: 0.1ms | Allocations: 17)
  Rendered layouts/_footer.html.erb (Duration: 0.1ms | Allocations: 26)
Completed 200 OK in 31ms (Views: 26.6ms | ActiveRecord: 0.9ms | Allocations: 16425)


Started GET "/articles" for 127.0.0.1 at 2019-10-21 01:26:38 +0800
Processing by ArticlesController#index as HTML
  Rendering articles/index.html.erb within layouts/application
  [1m[35m (0.2ms)[0m  [1m[34mSELECT COUNT(*) FROM "articles"[0m
  ↳ app/views/articles/index.html.erb:3
  [1m[36mArticle Load (0.3ms)[0m  [1m[34mSELECT "articles".* FROM "articles" LIMIT ? OFFSET ?[0m  [["LIMIT", 10], ["OFFSET", 0]]
  ↳ app/views/articles/_article.html.erb:1
  Rendered articles/_article.html.erb (Duration: 2.1ms | Allocations: 621)
  Rendered articles/index.html.erb within layouts/application (Duration: 15.3ms | Allocations: 1494)
  [1m[36mUser Load (0.1ms)[0m  [1m[34mSELECT "users".* FROM "users" WHERE "users"."id" = ? LIMIT ?[0m  [["id", 1], ["LIMIT", 1]]
  ↳ app/controllers/application_controller.rb:8:in `current_user'
  [1m[36mCategory Load (0.1ms)[0m  [1m[34mSELECT "categories".* FROM "categories"[0m
  ↳ app/views/layouts/_navigation.html.erb:37
  Rendered layouts/_navigation.html.erb (Duration: 3.7ms | Allocations: 1406)
  Rendered layouts/_messages.html.erb (Duration: 0.1ms | Allocations: 17)
  Rendered layouts/_footer.html.erb (Duration: 0.1ms | Allocations: 27)
Completed 200 OK in 37ms (Views: 35.1ms | ActiveRecord: 0.8ms | Allocations: 16500)


Started GET "/articles" for 127.0.0.1 at 2019-10-21 01:26:38 +0800
Processing by ArticlesController#index as HTML
  Rendering articles/index.html.erb within layouts/application
  [1m[35m (0.2ms)[0m  [1m[34mSELECT COUNT(*) FROM "articles"[0m
  ↳ app/views/articles/index.html.erb:3
  [1m[36mArticle Load (0.2ms)[0m  [1m[34mSELECT "articles".* FROM "articles" LIMIT ? OFFSET ?[0m  [["LIMIT", 10], ["OFFSET", 0]]
  ↳ app/views/articles/_article.html.erb:1
  Rendered articles/_article.html.erb (Duration: 1.9ms | Allocations: 604)
  Rendered articles/index.html.erb within layouts/application (Duration: 4.2ms | Allocations: 1329)
  [1m[36mUser Load (0.1ms)[0m  [1m[34mSELECT "users".* FROM "users" WHERE "users"."id" = ? LIMIT ?[0m  [["id", 1], ["LIMIT", 1]]
  ↳ app/controllers/application_controller.rb:8:in `current_user'
  [1m[36mCategory Load (0.2ms)[0m  [1m[34mSELECT "categories".* FROM "categories"[0m
  ↳ app/views/layouts/_navigation.html.erb:37
  Rendered layouts/_navigation.html.erb (Duration: 3.6ms | Allocations: 1390)
  Rendered layouts/_messages.html.erb (Duration: 0.1ms | Allocations: 17)
  Rendered layouts/_footer.html.erb (Duration: 0.1ms | Allocations: 26)
Completed 200 OK in 28ms (Views: 25.9ms | ActiveRecord: 0.7ms | Allocations: 15709)


Started GET "/users" for 127.0.0.1 at 2019-10-21 01:26:39 +0800
Processing by UsersController#index as HTML
  Rendering users/index.html.erb within layouts/application
  [1m[35m (0.2ms)[0m  [1m[34mSELECT COUNT(*) FROM "users"[0m
  ↳ app/views/users/index.html.erb:3
  [1m[36mUser Load (0.2ms)[0m  [1m[34mSELECT "users".* FROM "users" LIMIT ? OFFSET ?[0m  [["LIMIT", 10], ["OFFSET", 0]]
  ↳ app/views/users/index.html.erb:4
  [1m[35m (0.2ms)[0m  [1m[34mSELECT COUNT(*) FROM "articles" WHERE "articles"."user_id" = ?[0m  [["user_id", 1]]
  ↳ app/views/users/index.html.erb:13
  [1m[36mUser Load (0.2ms)[0m  [1m[34mSELECT "users".* FROM "users" WHERE "users"."id" = ? LIMIT ?[0m  [["id", 1], ["LIMIT", 1]]
  ↳ app/controllers/application_controller.rb:8:in `current_user'
  Rendered users/index.html.erb within layouts/application (Duration: 56.0ms | Allocations: 3051)
  [1m[36mCategory Load (0.1ms)[0m  [1m[34mSELECT "categories".* FROM "categories"[0m
  ↳ app/views/layouts/_navigation.html.erb:37
  Rendered layouts/_navigation.html.erb (Duration: 2.2ms | Allocations: 834)
  Rendered layouts/_messages.html.erb (Duration: 0.1ms | Allocations: 17)
  Rendered layouts/_footer.html.erb (Duration: 0.1ms | Allocations: 27)
Completed 200 OK in 77ms (Views: 74.6ms | ActiveRecord: 1.0ms | Allocations: 17001)


Started GET "/users" for 127.0.0.1 at 2019-10-21 01:26:39 +0800
Processing by UsersController#index as HTML
  Rendering users/index.html.erb within layouts/application
  [1m[35m (0.2ms)[0m  [1m[34mSELECT COUNT(*) FROM "users"[0m
  ↳ app/views/users/index.html.erb:3
  [1m[36mUser Load (0.2ms)[0m  [1m[34mSELECT "users".* FROM "users" LIMIT ? OFFSET ?[0m  [["LIMIT", 10], ["OFFSET", 0]]
  ↳ app/views/users/index.html.erb:4
  [1m[35m (0.3ms)[0m  [1m[34mSELECT COUNT(*) FROM "articles" WHERE "articles"."user_id" = ?[0m  [["user_id", 1]]
  ↳ app/views/users/index.html.erb:13
  [1m[36mUser Load (0.2ms)[0m  [1m[34mSELECT "users".* FROM "users" WHERE "users"."id" = ? LIMIT ?[0m  [["id", 1], ["LIMIT", 1]]
  ↳ app/controllers/application_controller.rb:8:in `current_user'
  Rendered users/index.html.erb within layouts/application (Duration: 9.1ms | Allocations: 2706)
  [1m[36mCategory Load (0.1ms)[0m  [1m[34mSELECT "categories".* FROM "categories"[0m
  ↳ app/views/layouts/_navigation.html.erb:37
  Rendered layouts/_navigation.html.erb (Duration: 2.7ms | Allocations: 826)
  Rendered layouts/_messages.html.erb (Duration: 0.1ms | Allocations: 17)
  Rendered layouts/_footer.html.erb (Duration: 0.1ms | Allocations: 26)
Completed 200 OK in 32ms (Views: 29.5ms | ActiveRecord: 1.0ms | Allocations: 16513)


Started GET "/articles" for 127.0.0.1 at 2019-10-21 01:26:41 +0800
Processing by ArticlesController#index as HTML
  Rendering articles/index.html.erb within layouts/application
  [1m[35m (0.3ms)[0m  [1m[34mSELECT COUNT(*) FROM "articles"[0m
  ↳ app/views/articles/index.html.erb:3
  [1m[36mArticle Load (0.2ms)[0m  [1m[34mSELECT "articles".* FROM "articles" LIMIT ? OFFSET ?[0m  [["LIMIT", 10], ["OFFSET", 0]]
  ↳ app/views/articles/_article.html.erb:1
  Rendered articles/_article.html.erb (Duration: 2.4ms | Allocations: 604)
  Rendered articles/index.html.erb within layouts/application (Duration: 5.0ms | Allocations: 1329)
  [1m[36mUser Load (0.1ms)[0m  [1m[34mSELECT "users".* FROM "users" WHERE "users"."id" = ? LIMIT ?[0m  [["id", 1], ["LIMIT", 1]]
  ↳ app/controllers/application_controller.rb:8:in `current_user'
  [1m[36mCategory Load (0.1ms)[0m  [1m[34mSELECT "categories".* FROM "categories"[0m
  ↳ app/views/layouts/_navigation.html.erb:37
  Rendered layouts/_navigation.html.erb (Duration: 3.7ms | Allocations: 1405)
  Rendered layouts/_messages.html.erb (Duration: 0.1ms | Allocations: 17)
  Rendered layouts/_footer.html.erb (Duration: 0.1ms | Allocations: 27)
Completed 200 OK in 29ms (Views: 27.5ms | ActiveRecord: 0.8ms | Allocations: 15719)


Started GET "/articles" for 127.0.0.1 at 2019-10-21 01:26:41 +0800
Processing by ArticlesController#index as HTML
  Rendering articles/index.html.erb within layouts/application
  [1m[35m (0.2ms)[0m  [1m[34mSELECT COUNT(*) FROM "articles"[0m
  ↳ app/views/articles/index.html.erb:3
  [1m[36mArticle Load (0.1ms)[0m  [1m[34mSELECT "articles".* FROM "articles" LIMIT ? OFFSET ?[0m  [["LIMIT", 10], ["OFFSET", 0]]
  ↳ app/views/articles/_article.html.erb:1
  Rendered articles/_article.html.erb (Duration: 1.7ms | Allocations: 604)
  Rendered articles/index.html.erb within layouts/application (Duration: 3.9ms | Allocations: 1329)
  [1m[36mUser Load (0.1ms)[0m  [1m[34mSELECT "users".* FROM "users" WHERE "users"."id" = ? LIMIT ?[0m  [["id", 1], ["LIMIT", 1]]
  ↳ app/controllers/application_controller.rb:8:in `current_user'
  [1m[36mCategory Load (0.1ms)[0m  [1m[34mSELECT "categories".* FROM "categories"[0m
  ↳ app/views/layouts/_navigation.html.erb:37
  Rendered layouts/_navigation.html.erb (Duration: 4.6ms | Allocations: 1390)
  Rendered layouts/_messages.html.erb (Duration: 0.1ms | Allocations: 17)
  Rendered layouts/_footer.html.erb (Duration: 0.1ms | Allocations: 26)
Completed 200 OK in 29ms (Views: 27.1ms | ActiveRecord: 0.6ms | Allocations: 15702)


Started GET "/articles/new" for 127.0.0.1 at 2019-10-21 01:30:55 +0800
Processing by ArticlesController#new as HTML
  [1m[36mUser Load (0.2ms)[0m  [1m[34mSELECT "users".* FROM "users" WHERE "users"."id" = ? LIMIT ?[0m  [["id", 1], ["LIMIT", 1]]
  ↳ app/controllers/application_controller.rb:8:in `current_user'
  Rendering articles/new.html.erb within layouts/application
  Rendered shared/_errors.html.erb (Duration: 0.1ms | Allocations: 15)
  [1m[36mCategory Load (0.1ms)[0m  [1m[34mSELECT "categories".* FROM "categories"[0m
  ↳ app/views/articles/_form.html.erb:28
  Rendered articles/_form.html.erb (Duration: 177.8ms | Allocations: 5485)
  Rendered articles/new.html.erb within layouts/application (Duration: 202.8ms | Allocations: 5784)
  [1m[36mCACHE Category Load (0.0ms)[0m  [1m[34mSELECT "categories".* FROM "categories"[0m
  ↳ app/views/layouts/_navigation.html.erb:37
  Rendered layouts/_navigation.html.erb (Duration: 1.4ms | Allocations: 788)
  Rendered layouts/_messages.html.erb (Duration: 0.1ms | Allocations: 17)
  Rendered layouts/_footer.html.erb (Duration: 0.1ms | Allocations: 27)
Completed 200 OK in 268ms (Views: 253.4ms | ActiveRecord: 0.9ms | Allocations: 23477)


Started GET "/articles/new" for 127.0.0.1 at 2019-10-21 01:30:55 +0800
Processing by ArticlesController#new as HTML
  [1m[36mUser Load (0.1ms)[0m  [1m[34mSELECT "users".* FROM "users" WHERE "users"."id" = ? LIMIT ?[0m  [["id", 1], ["LIMIT", 1]]
  ↳ app/controllers/application_controller.rb:8:in `current_user'
  Rendering articles/new.html.erb within layouts/application
  Rendered shared/_errors.html.erb (Duration: 0.0ms | Allocations: 15)
  [1m[36mCategory Load (0.2ms)[0m  [1m[34mSELECT "categories".* FROM "categories"[0m
  ↳ app/views/articles/_form.html.erb:28
  Rendered articles/_form.html.erb (Duration: 4.3ms | Allocations: 1524)
  Rendered articles/new.html.erb within layouts/application (Duration: 4.7ms | Allocations: 1587)
  [1m[36mCACHE Category Load (0.0ms)[0m  [1m[34mSELECT "categories".* FROM "categories"[0m
  ↳ app/views/layouts/_navigation.html.erb:37
  Rendered layouts/_navigation.html.erb (Duration: 2.1ms | Allocations: 775)
  Rendered layouts/_messages.html.erb (Duration: 0.1ms | Allocations: 17)
  Rendered layouts/_footer.html.erb (Duration: 0.1ms | Allocations: 26)
Completed 200 OK in 34ms (Views: 31.5ms | ActiveRecord: 0.3ms | Allocations: 15806)


Started POST "/articles" for 127.0.0.1 at 2019-10-21 01:30:57 +0800
Processing by ArticlesController#create as HTML
  Parameters: {"authenticity_token"=>"GqxMOjl4tEX5o8kSgwmKiqmlZCVpI7TrKUAtvD90Z+MI21Xw5g4+VV1bS3qYlFVMm6ZLqmiJMOKeC39q8M+guw==", "article"=>{"title"=>"", "description"=>"", "category_ids"=>[""]}, "commit"=>"Create Article"}
  [1m[36mUser Load (0.2ms)[0m  [1m[34mSELECT "users".* FROM "users" WHERE "users"."id" = ? LIMIT ?[0m  [["id", 1], ["LIMIT", 1]]
  ↳ app/controllers/application_controller.rb:8:in `current_user'
  [1m[36mCategory Load (0.1ms)[0m  [1m[34mSELECT "categories".* FROM "categories" WHERE 1=0[0m
  ↳ app/controllers/articles_controller.rb:18:in `create'
  Rendering articles/new.html.erb within layouts/application
  Rendered shared/_errors.html.erb (Duration: 0.9ms | Allocations: 547)
  [1m[36mCategory Load (0.1ms)[0m  [1m[34mSELECT "categories".* FROM "categories"[0m
  ↳ app/views/articles/_form.html.erb:28
  Rendered articles/_form.html.erb (Duration: 4.4ms | Allocations: 2076)
  Rendered articles/new.html.erb within layouts/application (Duration: 4.6ms | Allocations: 2139)
  [1m[36mCACHE Category Load (0.0ms)[0m  [1m[34mSELECT "categories".* FROM "categories"[0m
  ↳ app/views/layouts/_navigation.html.erb:37
  Rendered layouts/_navigation.html.erb (Duration: 2.0ms | Allocations: 772)
  Rendered layouts/_messages.html.erb (Duration: 0.1ms | Allocations: 17)
  Rendered layouts/_footer.html.erb (Duration: 0.2ms | Allocations: 26)
Completed 200 OK in 213ms (Views: 24.7ms | ActiveRecord: 0.8ms | Allocations: 23089)


Started POST "/articles" for 127.0.0.1 at 2019-10-21 01:31:01 +0800
Processing by ArticlesController#create as HTML
  Parameters: {"authenticity_token"=>"69ODEFU0DeU3X3AP8BhZl88US6GfDqRkAvkNlwZJuuT5pJraikKH9ZOn8mfrhYZR/RdkLp6kIG21sl9ByfJ9vA==", "article"=>{"title"=>"", "description"=>"", "category_ids"=>[""]}, "commit"=>"Create Article"}
  [1m[36mUser Load (0.2ms)[0m  [1m[34mSELECT "users".* FROM "users" WHERE "users"."id" = ? LIMIT ?[0m  [["id", 1], ["LIMIT", 1]]
  ↳ app/controllers/application_controller.rb:8:in `current_user'
  [1m[36mCategory Load (0.2ms)[0m  [1m[34mSELECT "categories".* FROM "categories" WHERE 1=0[0m
  ↳ app/controllers/articles_controller.rb:18:in `create'
  Rendering articles/new.html.erb within layouts/application
  Rendered shared/_errors.html.erb (Duration: 1.1ms | Allocations: 541)
  [1m[36mCategory Load (0.2ms)[0m  [1m[34mSELECT "categories".* FROM "categories"[0m
  ↳ app/views/articles/_form.html.erb:28
  Rendered articles/_form.html.erb (Duration: 5.9ms | Allocations: 2064)
  Rendered articles/new.html.erb within layouts/application (Duration: 6.1ms | Allocations: 2127)
  [1m[36mCACHE Category Load (0.0ms)[0m  [1m[34mSELECT "categories".* FROM "categories"[0m
  ↳ app/views/layouts/_navigation.html.erb:37
  Rendered layouts/_navigation.html.erb (Duration: 1.4ms | Allocations: 772)
  Rendered layouts/_messages.html.erb (Duration: 0.1ms | Allocations: 17)
  Rendered layouts/_footer.html.erb (Duration: 0.1ms | Allocations: 26)
Completed 200 OK in 34ms (Views: 25.5ms | ActiveRecord: 0.6ms | Allocations: 18990)


Started GET "/articles" for 127.0.0.1 at 2019-10-21 01:31:04 +0800
Processing by ArticlesController#index as HTML
  Rendering articles/index.html.erb within layouts/application
  [1m[35m (0.2ms)[0m  [1m[34mSELECT COUNT(*) FROM "articles"[0m
  ↳ app/views/articles/index.html.erb:3
  [1m[36mArticle Load (0.2ms)[0m  [1m[34mSELECT "articles".* FROM "articles" LIMIT ? OFFSET ?[0m  [["LIMIT", 10], ["OFFSET", 0]]
  ↳ app/views/articles/_article.html.erb:1
  Rendered articles/_article.html.erb (Duration: 2.0ms | Allocations: 604)
  Rendered articles/index.html.erb within layouts/application (Duration: 4.4ms | Allocations: 1330)
  [1m[36mUser Load (0.1ms)[0m  [1m[34mSELECT "users".* FROM "users" WHERE "users"."id" = ? LIMIT ?[0m  [["id", 1], ["LIMIT", 1]]
  ↳ app/controllers/application_controller.rb:8:in `current_user'
  [1m[36mCategory Load (0.1ms)[0m  [1m[34mSELECT "categories".* FROM "categories"[0m
  ↳ app/views/layouts/_navigation.html.erb:37
  Rendered layouts/_navigation.html.erb (Duration: 2.9ms | Allocations: 1390)
  Rendered layouts/_messages.html.erb (Duration: 0.1ms | Allocations: 17)
  Rendered layouts/_footer.html.erb (Duration: 0.1ms | Allocations: 26)
Completed 200 OK in 27ms (Views: 25.3ms | ActiveRecord: 0.6ms | Allocations: 15697)


Started GET "/articles" for 127.0.0.1 at 2019-10-21 01:31:04 +0800
Processing by ArticlesController#index as HTML
  Rendering articles/index.html.erb within layouts/application
  [1m[35m (0.2ms)[0m  [1m[34mSELECT COUNT(*) FROM "articles"[0m
  ↳ app/views/articles/index.html.erb:3
  [1m[36mArticle Load (0.2ms)[0m  [1m[34mSELECT "articles".* FROM "articles" LIMIT ? OFFSET ?[0m  [["LIMIT", 10], ["OFFSET", 0]]
  ↳ app/views/articles/_article.html.erb:1
  Rendered articles/_article.html.erb (Duration: 1.9ms | Allocations: 604)
  Rendered articles/index.html.erb within layouts/application (Duration: 4.3ms | Allocations: 1329)
  [1m[36mUser Load (0.2ms)[0m  [1m[34mSELECT "users".* FROM "users" WHERE "users"."id" = ? LIMIT ?[0m  [["id", 1], ["LIMIT", 1]]
  ↳ app/controllers/application_controller.rb:8:in `current_user'
  [1m[36mCategory Load (0.1ms)[0m  [1m[34mSELECT "categories".* FROM "categories"[0m
  ↳ app/views/layouts/_navigation.html.erb:37
  Rendered layouts/_navigation.html.erb (Duration: 3.4ms | Allocations: 1390)
  Rendered layouts/_messages.html.erb (Duration: 0.1ms | Allocations: 17)
  Rendered layouts/_footer.html.erb (Duration: 0.1ms | Allocations: 26)
Completed 200 OK in 28ms (Views: 26.2ms | ActiveRecord: 0.7ms | Allocations: 15701)


Started GET "/about" for 127.0.0.1 at 2019-10-21 01:31:07 +0800
Processing by PagesController#about as HTML
  Rendering pages/about.html.erb within layouts/application
  Rendered pages/about.html.erb within layouts/application (Duration: 15.6ms | Allocations: 158)
  [1m[36mUser Load (0.1ms)[0m  [1m[34mSELECT "users".* FROM "users" WHERE "users"."id" = ? LIMIT ?[0m  [["id", 1], ["LIMIT", 1]]
  ↳ app/controllers/application_controller.rb:8:in `current_user'
  [1m[36mCategory Load (0.2ms)[0m  [1m[34mSELECT "categories".* FROM "categories"[0m
  ↳ app/views/layouts/_navigation.html.erb:37
  Rendered layouts/_navigation.html.erb (Duration: 4.1ms | Allocations: 1379)
  Rendered layouts/_messages.html.erb (Duration: 0.1ms | Allocations: 17)
  Rendered layouts/_footer.html.erb (Duration: 0.1ms | Allocations: 27)
Completed 200 OK in 38ms (Views: 36.2ms | ActiveRecord: 0.3ms | Allocations: 14599)


Started GET "/about" for 127.0.0.1 at 2019-10-21 01:31:07 +0800
Processing by PagesController#about as HTML
  Rendering pages/about.html.erb within layouts/application
  Rendered pages/about.html.erb within layouts/application (Duration: 0.1ms | Allocations: 46)
  [1m[36mUser Load (0.1ms)[0m  [1m[34mSELECT "users".* FROM "users" WHERE "users"."id" = ? LIMIT ?[0m  [["id", 1], ["LIMIT", 1]]
  ↳ app/controllers/application_controller.rb:8:in `current_user'
  [1m[36mCategory Load (0.2ms)[0m  [1m[34mSELECT "categories".* FROM "categories"[0m
  ↳ app/views/layouts/_navigation.html.erb:37
  Rendered layouts/_navigation.html.erb (Duration: 4.2ms | Allocations: 1369)
  Rendered layouts/_messages.html.erb (Duration: 0.1ms | Allocations: 17)
  Rendered layouts/_footer.html.erb (Duration: 0.2ms | Allocations: 26)
Completed 200 OK in 25ms (Views: 24.3ms | ActiveRecord: 0.3ms | Allocations: 14337)


